[2025-11-05T08:43:02.633+0000] {local_task_job_runner.py:123} INFO - ::group::Pre task execution logs
[2025-11-05T08:43:02.651+0000] {taskinstance.py:2612} INFO - Dependencies all met for dep_context=non-requeueable deps ti=<TaskInstance: e2e_pipeline.bronze_process manual__2025-11-05T08:08:55.279656+00:00 [queued]>
[2025-11-05T08:43:02.664+0000] {taskinstance.py:2612} INFO - Dependencies all met for dep_context=requeueable deps ti=<TaskInstance: e2e_pipeline.bronze_process manual__2025-11-05T08:08:55.279656+00:00 [queued]>
[2025-11-05T08:43:02.666+0000] {taskinstance.py:2865} INFO - Starting attempt 13 of 13
[2025-11-05T08:43:02.702+0000] {taskinstance.py:2888} INFO - Executing <Task(BashOperator): bronze_process> on 2025-11-05 08:08:55.279656+00:00
[2025-11-05T08:43:02.707+0000] {standard_task_runner.py:72} INFO - Started process 537 to run task
[2025-11-05T08:43:02.709+0000] {standard_task_runner.py:104} INFO - Running: ['airflow', 'tasks', 'run', 'e2e_pipeline', 'bronze_process', 'manual__2025-11-05T08:08:55.279656+00:00', '--job-id', '15', '--raw', '--subdir', 'DAGS_FOLDER/e2e_pipeline_dag.py', '--cfg-path', '/tmp/tmpm0i4_8gu']
[2025-11-05T08:43:02.711+0000] {standard_task_runner.py:105} INFO - Job 15: Subtask bronze_process
[2025-11-05T08:43:02.807+0000] {task_command.py:467} INFO - Running <TaskInstance: e2e_pipeline.bronze_process manual__2025-11-05T08:08:55.279656+00:00 [running]> on host 76ef3002a578
[2025-11-05T08:43:02.917+0000] {taskinstance.py:3131} INFO - Exporting env vars: AIRFLOW_CTX_DAG_OWNER='airflow' AIRFLOW_CTX_DAG_ID='e2e_pipeline' AIRFLOW_CTX_TASK_ID='bronze_process' AIRFLOW_CTX_EXECUTION_DATE='2025-11-05T08:08:55.279656+00:00' AIRFLOW_CTX_TRY_NUMBER='13' AIRFLOW_CTX_DAG_RUN_ID='manual__2025-11-05T08:08:55.279656+00:00'
[2025-11-05T08:43:02.918+0000] {taskinstance.py:731} INFO - ::endgroup::
[2025-11-05T08:43:02.932+0000] {subprocess.py:63} INFO - Tmp dir root location: /tmp
[2025-11-05T08:43:02.934+0000] {subprocess.py:75} INFO - Running command: ['/usr/bin/bash', '-c', 'python /opt/airflow/scripts/bronze_process.py']
[2025-11-05T08:43:02.941+0000] {subprocess.py:86} INFO - Output:
[2025-11-05T08:43:03.767+0000] {subprocess.py:93} INFO - [bronze] ensure dir: /opt/airflow/datamart/bronze
[2025-11-05T08:43:03.768+0000] {subprocess.py:93} INFO - [bronze] ensure dir: /opt/airflow/datamart/bronze/label_store
[2025-11-05T08:43:03.768+0000] {subprocess.py:93} INFO - [bronze] ensure dir: /opt/airflow/datamart/bronze/feature_store
[2025-11-05T08:43:03.769+0000] {subprocess.py:93} INFO - [bronze] ✅ 目录就绪
[2025-11-05T08:43:03.770+0000] {subprocess.py:93} INFO - [bronze] 数据目录：/opt/airflow/data
[2025-11-05T08:43:03.770+0000] {subprocess.py:93} INFO - [bronze] lable输出目录：/opt/airflow/datamart/bronze/label_store
[2025-11-05T08:43:03.771+0000] {subprocess.py:93} INFO - [bronze] feature输出目录：/opt/airflow/datamart/bronze/feature_store
[2025-11-05T08:43:03.771+0000] {subprocess.py:93} INFO - [bronze] 使用标签文件：label.csv
[2025-11-05T08:43:03.772+0000] {subprocess.py:93} INFO - Traceback (most recent call last):
[2025-11-05T08:43:03.773+0000] {subprocess.py:93} INFO -   File "/usr/local/lib/python3.12/pathlib.py", line 1311, in mkdir
[2025-11-05T08:43:03.773+0000] {subprocess.py:93} INFO -     os.mkdir(self, mode)
[2025-11-05T08:43:03.773+0000] {subprocess.py:93} INFO - FileNotFoundError: [Errno 2] No such file or directory: '/opt/airflow/datamart/bronze/label_store'
[2025-11-05T08:43:03.774+0000] {subprocess.py:93} INFO - 
[2025-11-05T08:43:03.775+0000] {subprocess.py:93} INFO - During handling of the above exception, another exception occurred:
[2025-11-05T08:43:03.775+0000] {subprocess.py:93} INFO - 
[2025-11-05T08:43:03.776+0000] {subprocess.py:93} INFO - Traceback (most recent call last):
[2025-11-05T08:43:03.776+0000] {subprocess.py:93} INFO -   File "/usr/local/lib/python3.12/pathlib.py", line 1311, in mkdir
[2025-11-05T08:43:03.777+0000] {subprocess.py:93} INFO -     os.mkdir(self, mode)
[2025-11-05T08:43:03.777+0000] {subprocess.py:93} INFO - FileNotFoundError: [Errno 2] No such file or directory: '/opt/airflow/datamart/bronze'
[2025-11-05T08:43:03.778+0000] {subprocess.py:93} INFO - 
[2025-11-05T08:43:03.778+0000] {subprocess.py:93} INFO - During handling of the above exception, another exception occurred:
[2025-11-05T08:43:03.779+0000] {subprocess.py:93} INFO - 
[2025-11-05T08:43:03.779+0000] {subprocess.py:93} INFO - Traceback (most recent call last):
[2025-11-05T08:43:03.780+0000] {subprocess.py:93} INFO -   File "/opt/airflow/scripts/bronze_process.py", line 190, in <module>
[2025-11-05T08:43:03.780+0000] {subprocess.py:93} INFO -     main()
[2025-11-05T08:43:03.781+0000] {subprocess.py:93} INFO -   File "/opt/airflow/scripts/bronze_process.py", line 180, in main
[2025-11-05T08:43:03.781+0000] {subprocess.py:93} INFO -     write_partitions(df, BRONZE_DIR_LABEL)
[2025-11-05T08:43:03.782+0000] {subprocess.py:93} INFO -   File "/opt/airflow/scripts/bronze_process.py", line 100, in write_partitions
[2025-11-05T08:43:03.782+0000] {subprocess.py:93} INFO -     ensure_dir(out_dir)
[2025-11-05T08:43:03.783+0000] {subprocess.py:93} INFO -   File "/opt/airflow/scripts/bronze_process.py", line 59, in ensure_dir
[2025-11-05T08:43:03.784+0000] {subprocess.py:93} INFO -     p.mkdir(parents=True, exist_ok=True)
[2025-11-05T08:43:03.784+0000] {subprocess.py:93} INFO -   File "/usr/local/lib/python3.12/pathlib.py", line 1315, in mkdir
[2025-11-05T08:43:03.785+0000] {subprocess.py:93} INFO -     self.parent.mkdir(parents=True, exist_ok=True)
[2025-11-05T08:43:03.785+0000] {subprocess.py:93} INFO -   File "/usr/local/lib/python3.12/pathlib.py", line 1315, in mkdir
[2025-11-05T08:43:03.785+0000] {subprocess.py:93} INFO -     self.parent.mkdir(parents=True, exist_ok=True)
[2025-11-05T08:43:03.786+0000] {subprocess.py:93} INFO -   File "/usr/local/lib/python3.12/pathlib.py", line 1311, in mkdir
[2025-11-05T08:43:03.786+0000] {subprocess.py:93} INFO -     os.mkdir(self, mode)
[2025-11-05T08:43:03.786+0000] {subprocess.py:93} INFO - FileExistsError: [Errno 17] File exists: '/opt/airflow/datamart'
[2025-11-05T08:43:03.832+0000] {subprocess.py:97} INFO - Command exited with return code 1
[2025-11-05T08:43:03.849+0000] {taskinstance.py:3310} ERROR - Task failed with exception
Traceback (most recent call last):
  File "/home/airflow/.local/lib/python3.12/site-packages/airflow/models/taskinstance.py", line 767, in _execute_task
    result = _execute_callable(context=context, **execute_callable_kwargs)
             ^^^^^^^^^^^^^^^^^^^^^^^^^^^^^^^^^^^^^^^^^^^^^^^^^^^^^^^^^^^^^
  File "/home/airflow/.local/lib/python3.12/site-packages/airflow/models/taskinstance.py", line 733, in _execute_callable
    return ExecutionCallableRunner(
           ^^^^^^^^^^^^^^^^^^^^^^^^
  File "/home/airflow/.local/lib/python3.12/site-packages/airflow/utils/operator_helpers.py", line 252, in run
    return self.func(*args, **kwargs)
           ^^^^^^^^^^^^^^^^^^^^^^^^^^
  File "/home/airflow/.local/lib/python3.12/site-packages/airflow/models/baseoperator.py", line 406, in wrapper
    return func(self, *args, **kwargs)
           ^^^^^^^^^^^^^^^^^^^^^^^^^^^
  File "/home/airflow/.local/lib/python3.12/site-packages/airflow/operators/bash.py", line 249, in execute
    raise AirflowException(
airflow.exceptions.AirflowException: Bash command failed. The command returned a non-zero exit code 1.
[2025-11-05T08:43:03.854+0000] {taskinstance.py:1225} INFO - Marking task as FAILED. dag_id=e2e_pipeline, task_id=bronze_process, run_id=manual__2025-11-05T08:08:55.279656+00:00, execution_date=20251105T080855, start_date=20251105T084302, end_date=20251105T084303
[2025-11-05T08:43:03.890+0000] {taskinstance.py:340} INFO - ::group::Post task execution logs
[2025-11-05T08:43:03.891+0000] {standard_task_runner.py:124} ERROR - Failed to execute job 15 for task bronze_process (Bash command failed. The command returned a non-zero exit code 1.; 537)
Traceback (most recent call last):
  File "/home/airflow/.local/lib/python3.12/site-packages/airflow/task/task_runner/standard_task_runner.py", line 117, in _start_by_fork
    ret = args.func(args, dag=self.dag)
          ^^^^^^^^^^^^^^^^^^^^^^^^^^^^^
  File "/home/airflow/.local/lib/python3.12/site-packages/airflow/cli/cli_config.py", line 49, in command
    return func(*args, **kwargs)
           ^^^^^^^^^^^^^^^^^^^^^
  File "/home/airflow/.local/lib/python3.12/site-packages/airflow/utils/cli.py", line 115, in wrapper
    return f(*args, **kwargs)
           ^^^^^^^^^^^^^^^^^^
  File "/home/airflow/.local/lib/python3.12/site-packages/airflow/cli/commands/task_command.py", line 483, in task_run
    task_return_code = _run_task_by_selected_method(args, _dag, ti)
                       ^^^^^^^^^^^^^^^^^^^^^^^^^^^^^^^^^^^^^^^^^^^^
  File "/home/airflow/.local/lib/python3.12/site-packages/airflow/cli/commands/task_command.py", line 256, in _run_task_by_selected_method
    return _run_raw_task(args, ti)
           ^^^^^^^^^^^^^^^^^^^^^^^
  File "/home/airflow/.local/lib/python3.12/site-packages/airflow/cli/commands/task_command.py", line 341, in _run_raw_task
    return ti._run_raw_task(
           ^^^^^^^^^^^^^^^^^
  File "/home/airflow/.local/lib/python3.12/site-packages/airflow/utils/session.py", line 97, in wrapper
    return func(*args, session=session, **kwargs)
           ^^^^^^^^^^^^^^^^^^^^^^^^^^^^^^^^^^^^^^
  File "/home/airflow/.local/lib/python3.12/site-packages/airflow/models/taskinstance.py", line 3004, in _run_raw_task
    return _run_raw_task(
           ^^^^^^^^^^^^^^
  File "/home/airflow/.local/lib/python3.12/site-packages/airflow/models/taskinstance.py", line 273, in _run_raw_task
    TaskInstance._execute_task_with_callbacks(
  File "/home/airflow/.local/lib/python3.12/site-packages/airflow/models/taskinstance.py", line 3158, in _execute_task_with_callbacks
    result = self._execute_task(context, task_orig)
             ^^^^^^^^^^^^^^^^^^^^^^^^^^^^^^^^^^^^^^
  File "/home/airflow/.local/lib/python3.12/site-packages/airflow/models/taskinstance.py", line 3182, in _execute_task
    return _execute_task(self, context, task_orig)
           ^^^^^^^^^^^^^^^^^^^^^^^^^^^^^^^^^^^^^^^
  File "/home/airflow/.local/lib/python3.12/site-packages/airflow/models/taskinstance.py", line 767, in _execute_task
    result = _execute_callable(context=context, **execute_callable_kwargs)
             ^^^^^^^^^^^^^^^^^^^^^^^^^^^^^^^^^^^^^^^^^^^^^^^^^^^^^^^^^^^^^
  File "/home/airflow/.local/lib/python3.12/site-packages/airflow/models/taskinstance.py", line 733, in _execute_callable
    return ExecutionCallableRunner(
           ^^^^^^^^^^^^^^^^^^^^^^^^
  File "/home/airflow/.local/lib/python3.12/site-packages/airflow/utils/operator_helpers.py", line 252, in run
    return self.func(*args, **kwargs)
           ^^^^^^^^^^^^^^^^^^^^^^^^^^
  File "/home/airflow/.local/lib/python3.12/site-packages/airflow/models/baseoperator.py", line 406, in wrapper
    return func(self, *args, **kwargs)
           ^^^^^^^^^^^^^^^^^^^^^^^^^^^
  File "/home/airflow/.local/lib/python3.12/site-packages/airflow/operators/bash.py", line 249, in execute
    raise AirflowException(
airflow.exceptions.AirflowException: Bash command failed. The command returned a non-zero exit code 1.
[2025-11-05T08:43:03.931+0000] {local_task_job_runner.py:266} INFO - Task exited with return code 1
[2025-11-05T08:43:03.951+0000] {taskinstance.py:3900} INFO - 0 downstream tasks scheduled from follow-on schedule check
[2025-11-05T08:43:03.968+0000] {local_task_job_runner.py:245} INFO - ::endgroup::
