[2025-11-05T09:29:08.563+0000] {local_task_job_runner.py:123} INFO - ::group::Pre task execution logs
[2025-11-05T09:29:08.578+0000] {taskinstance.py:2612} INFO - Dependencies all met for dep_context=non-requeueable deps ti=<TaskInstance: e2e_pipeline.catboost_gold_predict manual__2025-11-05T09:16:00.264039+00:00 [queued]>
[2025-11-05T09:29:08.598+0000] {taskinstance.py:2612} INFO - Dependencies all met for dep_context=requeueable deps ti=<TaskInstance: e2e_pipeline.catboost_gold_predict manual__2025-11-05T09:16:00.264039+00:00 [queued]>
[2025-11-05T09:29:08.599+0000] {taskinstance.py:2865} INFO - Starting attempt 2 of 2
[2025-11-05T09:29:08.636+0000] {taskinstance.py:2888} INFO - Executing <Task(BashOperator): catboost_gold_predict> on 2025-11-05 09:16:00.264039+00:00
[2025-11-05T09:29:08.642+0000] {standard_task_runner.py:72} INFO - Started process 621 to run task
[2025-11-05T09:29:08.647+0000] {standard_task_runner.py:104} INFO - Running: ['airflow', 'tasks', 'run', 'e2e_pipeline', 'catboost_gold_predict', 'manual__2025-11-05T09:16:00.264039+00:00', '--job-id', '41', '--raw', '--subdir', 'DAGS_FOLDER/e2e_pipeline_dag.py', '--cfg-path', '/tmp/tmpw9i0wndo']
[2025-11-05T09:29:08.650+0000] {standard_task_runner.py:105} INFO - Job 41: Subtask catboost_gold_predict
[2025-11-05T09:29:08.731+0000] {task_command.py:467} INFO - Running <TaskInstance: e2e_pipeline.catboost_gold_predict manual__2025-11-05T09:16:00.264039+00:00 [running]> on host 9d186853eb29
[2025-11-05T09:29:08.815+0000] {taskinstance.py:3131} INFO - Exporting env vars: AIRFLOW_CTX_DAG_OWNER='airflow' AIRFLOW_CTX_DAG_ID='e2e_pipeline' AIRFLOW_CTX_TASK_ID='catboost_gold_predict' AIRFLOW_CTX_EXECUTION_DATE='2025-11-05T09:16:00.264039+00:00' AIRFLOW_CTX_TRY_NUMBER='2' AIRFLOW_CTX_DAG_RUN_ID='manual__2025-11-05T09:16:00.264039+00:00'
[2025-11-05T09:29:08.816+0000] {taskinstance.py:731} INFO - ::endgroup::
[2025-11-05T09:29:08.826+0000] {subprocess.py:63} INFO - Tmp dir root location: /tmp
[2025-11-05T09:29:08.829+0000] {subprocess.py:75} INFO - Running command: ['/usr/bin/bash', '-c', 'python /opt/airflow/scripts/catboost_gold_predict.py']
[2025-11-05T09:29:08.837+0000] {subprocess.py:86} INFO - Output:
[2025-11-05T09:29:09.609+0000] {subprocess.py:93} INFO - 2025-11-05 09:29:09,609 [INFO] ============================================================
[2025-11-05T09:29:09.611+0000] {subprocess.py:93} INFO - 2025-11-05 09:29:09,609 [INFO] CatBoost Gold Price Prediction - 开始预测
[2025-11-05T09:29:09.612+0000] {subprocess.py:93} INFO - 2025-11-05 09:29:09,609 [INFO] ============================================================
[2025-11-05T09:29:09.614+0000] {subprocess.py:93} INFO - 2025-11-05 09:29:09,609 [INFO] [auto] ROOT         = /opt/airflow
[2025-11-05T09:29:09.615+0000] {subprocess.py:93} INFO - 2025-11-05 09:29:09,609 [INFO] [auto] MODEL_PATH   = /opt/airflow/model_bank/catboost/catboost_gold_model.cbm
[2025-11-05T09:29:09.618+0000] {subprocess.py:93} INFO - 2025-11-05 09:29:09,609 [INFO] [auto] DATA_PATH    = /opt/airflow/datamart/gold/gold_2024_09_01.csv
[2025-11-05T09:29:09.619+0000] {subprocess.py:93} INFO - 2025-11-05 09:29:09,609 [INFO] [auto] OUTPUT_PATH  = /opt/airflow/model_bank/predictions/predictions_20251105_092909.csv
[2025-11-05T09:29:09.620+0000] {subprocess.py:93} INFO - 2025-11-05 09:29:09,609 [INFO] 加载模型: /opt/airflow/model_bank/catboost/catboost_gold_model.cbm
[2025-11-05T09:29:09.630+0000] {subprocess.py:93} INFO - 2025-11-05 09:29:09,630 [INFO] ✓ 模型加载成功
[2025-11-05T09:29:09.631+0000] {subprocess.py:93} INFO - 2025-11-05 09:29:09,630 [INFO] 加载数据: /opt/airflow/datamart/gold/gold_2024_09_01.csv
[2025-11-05T09:29:09.637+0000] {subprocess.py:93} INFO - 2025-11-05 09:29:09,636 [INFO] ✓ 数据加载成功: 216 条 × 35 列
[2025-11-05T09:29:09.638+0000] {subprocess.py:93} INFO - 2025-11-05 09:29:09,637 [INFO] 预处理数据...
[2025-11-05T09:29:09.638+0000] {subprocess.py:93} INFO - 2025-11-05 09:29:09,637 [INFO]   移除ID列: customerID
[2025-11-05T09:29:09.641+0000] {subprocess.py:93} INFO - 2025-11-05 09:29:09,641 [INFO]   提取日期特征: snapdate
[2025-11-05T09:29:09.647+0000] {subprocess.py:93} INFO - 2025-11-05 09:29:09,647 [INFO] ✓ 数据预处理完成
[2025-11-05T09:29:09.648+0000] {subprocess.py:93} INFO - 2025-11-05 09:29:09,647 [INFO] 开始预测...
[2025-11-05T09:29:09.649+0000] {subprocess.py:93} INFO - 2025-11-05 09:29:09,649 [ERROR]
[2025-11-05T09:29:09.650+0000] {subprocess.py:93} INFO - ❌ 预测过程出错: Bad value for num_feature[non_default_doc_idx=0,feature_idx=21]="male": Cannot convert 'male' to float
[2025-11-05T09:29:09.655+0000] {subprocess.py:93} INFO - 2025-11-05 09:29:09,649 [ERROR] 详细错误信息:
[2025-11-05T09:29:09.655+0000] {subprocess.py:93} INFO - Traceback (most recent call last):
[2025-11-05T09:29:09.656+0000] {subprocess.py:93} INFO -   File "_catboost.pyx", line 2534, in _catboost.get_float_feature
[2025-11-05T09:29:09.656+0000] {subprocess.py:93} INFO -   File "_catboost.pyx", line 1228, in _catboost._FloatOrNan
[2025-11-05T09:29:09.657+0000] {subprocess.py:93} INFO -   File "_catboost.pyx", line 1023, in _catboost._FloatOrNanFromString
[2025-11-05T09:29:09.658+0000] {subprocess.py:93} INFO - TypeError: Cannot convert 'male' to float
[2025-11-05T09:29:09.658+0000] {subprocess.py:93} INFO - 
[2025-11-05T09:29:09.659+0000] {subprocess.py:93} INFO - During handling of the above exception, another exception occurred:
[2025-11-05T09:29:09.659+0000] {subprocess.py:93} INFO - 
[2025-11-05T09:29:09.660+0000] {subprocess.py:93} INFO - Traceback (most recent call last):
[2025-11-05T09:29:09.661+0000] {subprocess.py:93} INFO -   File "/opt/airflow/scripts/catboost_gold_predict.py", line 242, in main
[2025-11-05T09:29:09.661+0000] {subprocess.py:93} INFO -     results = make_predictions(model, df, logger, output_path)
[2025-11-05T09:29:09.661+0000] {subprocess.py:93} INFO -   File "/opt/airflow/scripts/catboost_gold_predict.py", line 128, in make_predictions
[2025-11-05T09:29:09.662+0000] {subprocess.py:93} INFO -     predictions = model.predict(X)
[2025-11-05T09:29:09.663+0000] {subprocess.py:93} INFO -   File "/home/airflow/.local/lib/python3.10/site-packages/catboost/core.py", line 5307, in predict
[2025-11-05T09:29:09.663+0000] {subprocess.py:93} INFO -     return self._predict(data, prediction_type, ntree_start, ntree_end, thread_count, verbose, 'predict', task_type)
[2025-11-05T09:29:09.663+0000] {subprocess.py:93} INFO -   File "/home/airflow/.local/lib/python3.10/site-packages/catboost/core.py", line 2620, in _predict
[2025-11-05T09:29:09.664+0000] {subprocess.py:93} INFO -     data, data_is_single_object = self._process_predict_input_data(data, parent_method_name, thread_count)
[2025-11-05T09:29:09.665+0000] {subprocess.py:93} INFO -   File "/home/airflow/.local/lib/python3.10/site-packages/catboost/core.py", line 2600, in _process_predict_input_data
[2025-11-05T09:29:09.665+0000] {subprocess.py:93} INFO -     data = Pool(
[2025-11-05T09:29:09.666+0000] {subprocess.py:93} INFO -   File "/home/airflow/.local/lib/python3.10/site-packages/catboost/core.py", line 855, in __init__
[2025-11-05T09:29:09.666+0000] {subprocess.py:93} INFO -     self._init(data, label, cat_features, text_features, embedding_features, embedding_features_data, pairs, graph, weight,
[2025-11-05T09:29:09.667+0000] {subprocess.py:93} INFO -   File "/home/airflow/.local/lib/python3.10/site-packages/catboost/core.py", line 1491, in _init
[2025-11-05T09:29:09.667+0000] {subprocess.py:93} INFO -     self._init_pool(data, label, cat_features, text_features, embedding_features, embedding_features_data, pairs, graph, weight,
[2025-11-05T09:29:09.668+0000] {subprocess.py:93} INFO -   File "_catboost.pyx", line 4329, in _catboost._PoolBase._init_pool
[2025-11-05T09:29:09.668+0000] {subprocess.py:93} INFO -   File "_catboost.pyx", line 4381, in _catboost._PoolBase._init_pool
[2025-11-05T09:29:09.669+0000] {subprocess.py:93} INFO -   File "_catboost.pyx", line 4190, in _catboost._PoolBase._init_features_order_layout_pool
[2025-11-05T09:29:09.669+0000] {subprocess.py:93} INFO -   File "_catboost.pyx", line 3114, in _catboost._set_features_order_data_pd_data_frame
[2025-11-05T09:29:09.670+0000] {subprocess.py:93} INFO -   File "_catboost.pyx", line 2578, in _catboost.create_num_factor_data
[2025-11-05T09:29:09.672+0000] {subprocess.py:93} INFO -   File "_catboost.pyx", line 2536, in _catboost.get_float_feature
[2025-11-05T09:29:09.672+0000] {subprocess.py:93} INFO - _catboost.CatBoostError: Bad value for num_feature[non_default_doc_idx=0,feature_idx=21]="male": Cannot convert 'male' to float
[2025-11-05T09:29:09.703+0000] {subprocess.py:97} INFO - Command exited with return code 1
[2025-11-05T09:29:09.722+0000] {taskinstance.py:3310} ERROR - Task failed with exception
Traceback (most recent call last):
  File "/home/airflow/.local/lib/python3.10/site-packages/airflow/models/taskinstance.py", line 767, in _execute_task
    result = _execute_callable(context=context, **execute_callable_kwargs)
  File "/home/airflow/.local/lib/python3.10/site-packages/airflow/models/taskinstance.py", line 733, in _execute_callable
    return ExecutionCallableRunner(
  File "/home/airflow/.local/lib/python3.10/site-packages/airflow/utils/operator_helpers.py", line 252, in run
    return self.func(*args, **kwargs)
  File "/home/airflow/.local/lib/python3.10/site-packages/airflow/models/baseoperator.py", line 406, in wrapper
    return func(self, *args, **kwargs)
  File "/home/airflow/.local/lib/python3.10/site-packages/airflow/operators/bash.py", line 249, in execute
    raise AirflowException(
airflow.exceptions.AirflowException: Bash command failed. The command returned a non-zero exit code 1.
[2025-11-05T09:29:09.727+0000] {taskinstance.py:1225} INFO - Marking task as FAILED. dag_id=e2e_pipeline, task_id=catboost_gold_predict, run_id=manual__2025-11-05T09:16:00.264039+00:00, execution_date=20251105T091600, start_date=20251105T092908, end_date=20251105T092909
[2025-11-05T09:29:09.758+0000] {taskinstance.py:340} INFO - ::group::Post task execution logs
[2025-11-05T09:29:09.759+0000] {standard_task_runner.py:124} ERROR - Failed to execute job 41 for task catboost_gold_predict (Bash command failed. The command returned a non-zero exit code 1.; 621)
Traceback (most recent call last):
  File "/home/airflow/.local/lib/python3.10/site-packages/airflow/task/task_runner/standard_task_runner.py", line 117, in _start_by_fork
    ret = args.func(args, dag=self.dag)
  File "/home/airflow/.local/lib/python3.10/site-packages/airflow/cli/cli_config.py", line 49, in command
    return func(*args, **kwargs)
  File "/home/airflow/.local/lib/python3.10/site-packages/airflow/utils/cli.py", line 115, in wrapper
    return f(*args, **kwargs)
  File "/home/airflow/.local/lib/python3.10/site-packages/airflow/cli/commands/task_command.py", line 483, in task_run
    task_return_code = _run_task_by_selected_method(args, _dag, ti)
  File "/home/airflow/.local/lib/python3.10/site-packages/airflow/cli/commands/task_command.py", line 256, in _run_task_by_selected_method
    return _run_raw_task(args, ti)
  File "/home/airflow/.local/lib/python3.10/site-packages/airflow/cli/commands/task_command.py", line 341, in _run_raw_task
    return ti._run_raw_task(
  File "/home/airflow/.local/lib/python3.10/site-packages/airflow/utils/session.py", line 97, in wrapper
    return func(*args, session=session, **kwargs)
  File "/home/airflow/.local/lib/python3.10/site-packages/airflow/models/taskinstance.py", line 3004, in _run_raw_task
    return _run_raw_task(
  File "/home/airflow/.local/lib/python3.10/site-packages/airflow/models/taskinstance.py", line 273, in _run_raw_task
    TaskInstance._execute_task_with_callbacks(
  File "/home/airflow/.local/lib/python3.10/site-packages/airflow/models/taskinstance.py", line 3158, in _execute_task_with_callbacks
    result = self._execute_task(context, task_orig)
  File "/home/airflow/.local/lib/python3.10/site-packages/airflow/models/taskinstance.py", line 3182, in _execute_task
    return _execute_task(self, context, task_orig)
  File "/home/airflow/.local/lib/python3.10/site-packages/airflow/models/taskinstance.py", line 767, in _execute_task
    result = _execute_callable(context=context, **execute_callable_kwargs)
  File "/home/airflow/.local/lib/python3.10/site-packages/airflow/models/taskinstance.py", line 733, in _execute_callable
    return ExecutionCallableRunner(
  File "/home/airflow/.local/lib/python3.10/site-packages/airflow/utils/operator_helpers.py", line 252, in run
    return self.func(*args, **kwargs)
  File "/home/airflow/.local/lib/python3.10/site-packages/airflow/models/baseoperator.py", line 406, in wrapper
    return func(self, *args, **kwargs)
  File "/home/airflow/.local/lib/python3.10/site-packages/airflow/operators/bash.py", line 249, in execute
    raise AirflowException(
airflow.exceptions.AirflowException: Bash command failed. The command returned a non-zero exit code 1.
[2025-11-05T09:29:09.788+0000] {local_task_job_runner.py:266} INFO - Task exited with return code 1
[2025-11-05T09:29:09.817+0000] {taskinstance.py:3900} INFO - 0 downstream tasks scheduled from follow-on schedule check
[2025-11-05T09:29:09.836+0000] {local_task_job_runner.py:245} INFO - ::endgroup::
