[2025-11-05T09:53:15.340+0000] {local_task_job_runner.py:123} INFO - ::group::Pre task execution logs
[2025-11-05T09:53:15.352+0000] {taskinstance.py:2612} INFO - Dependencies all met for dep_context=non-requeueable deps ti=<TaskInstance: e2e_pipeline.catboost_gold_train manual__2025-11-05T09:52:46.906461+00:00 [queued]>
[2025-11-05T09:53:15.365+0000] {taskinstance.py:2612} INFO - Dependencies all met for dep_context=requeueable deps ti=<TaskInstance: e2e_pipeline.catboost_gold_train manual__2025-11-05T09:52:46.906461+00:00 [queued]>
[2025-11-05T09:53:15.366+0000] {taskinstance.py:2865} INFO - Starting attempt 1 of 1
[2025-11-05T09:53:15.402+0000] {taskinstance.py:2888} INFO - Executing <Task(BashOperator): catboost_gold_train> on 2025-11-05 09:52:46.906461+00:00
[2025-11-05T09:53:15.407+0000] {standard_task_runner.py:72} INFO - Started process 791 to run task
[2025-11-05T09:53:15.411+0000] {standard_task_runner.py:104} INFO - Running: ['airflow', 'tasks', 'run', 'e2e_pipeline', 'catboost_gold_train', 'manual__2025-11-05T09:52:46.906461+00:00', '--job-id', '45', '--raw', '--subdir', 'DAGS_FOLDER/e2e_pipeline_dag.py', '--cfg-path', '/tmp/tmp30uqmxzf']
[2025-11-05T09:53:15.415+0000] {standard_task_runner.py:105} INFO - Job 45: Subtask catboost_gold_train
[2025-11-05T09:53:15.500+0000] {task_command.py:467} INFO - Running <TaskInstance: e2e_pipeline.catboost_gold_train manual__2025-11-05T09:52:46.906461+00:00 [running]> on host 733ebcbf0503
[2025-11-05T09:53:15.615+0000] {taskinstance.py:3131} INFO - Exporting env vars: AIRFLOW_CTX_DAG_OWNER='airflow' AIRFLOW_CTX_DAG_ID='e2e_pipeline' AIRFLOW_CTX_TASK_ID='catboost_gold_train' AIRFLOW_CTX_EXECUTION_DATE='2025-11-05T09:52:46.906461+00:00' AIRFLOW_CTX_TRY_NUMBER='1' AIRFLOW_CTX_DAG_RUN_ID='manual__2025-11-05T09:52:46.906461+00:00'
[2025-11-05T09:53:15.617+0000] {taskinstance.py:731} INFO - ::endgroup::
[2025-11-05T09:53:15.629+0000] {subprocess.py:63} INFO - Tmp dir root location: /tmp
[2025-11-05T09:53:15.631+0000] {subprocess.py:75} INFO - Running command: ['/usr/bin/bash', '-c', 'python /opt/airflow/scripts/catboost_gold_train.py']
[2025-11-05T09:53:15.640+0000] {subprocess.py:86} INFO - Output:
[2025-11-05T09:53:17.122+0000] {subprocess.py:93} INFO - Traceback (most recent call last):
[2025-11-05T09:53:17.123+0000] {subprocess.py:93} INFO -   File "/usr/local/lib/python3.10/pathlib.py", line 1175, in mkdir
[2025-11-05T09:53:17.124+0000] {subprocess.py:93} INFO -     self._accessor.mkdir(self, mode)
[2025-11-05T09:53:17.126+0000] {subprocess.py:93} INFO - FileNotFoundError: [Errno 2] No such file or directory: '/opt/airflow/model_bank/catboost'
[2025-11-05T09:53:17.128+0000] {subprocess.py:93} INFO - 
[2025-11-05T09:53:17.130+0000] {subprocess.py:93} INFO - During handling of the above exception, another exception occurred:
[2025-11-05T09:53:17.131+0000] {subprocess.py:93} INFO - 
[2025-11-05T09:53:17.131+0000] {subprocess.py:93} INFO - Traceback (most recent call last):
[2025-11-05T09:53:17.132+0000] {subprocess.py:93} INFO -   File "/opt/airflow/scripts/catboost_gold_train.py", line 775, in <module>
[2025-11-05T09:53:17.133+0000] {subprocess.py:93} INFO -     main()
[2025-11-05T09:53:17.134+0000] {subprocess.py:93} INFO -   File "/opt/airflow/scripts/catboost_gold_train.py", line 689, in main
[2025-11-05T09:53:17.134+0000] {subprocess.py:93} INFO -     cfg = Config()
[2025-11-05T09:53:17.135+0000] {subprocess.py:93} INFO -   File "/opt/airflow/scripts/catboost_gold_train.py", line 55, in __init__
[2025-11-05T09:53:17.136+0000] {subprocess.py:93} INFO -     self.output_dir.mkdir(parents=True, exist_ok=True)
[2025-11-05T09:53:17.136+0000] {subprocess.py:93} INFO -   File "/usr/local/lib/python3.10/pathlib.py", line 1179, in mkdir
[2025-11-05T09:53:17.137+0000] {subprocess.py:93} INFO -     self.parent.mkdir(parents=True, exist_ok=True)
[2025-11-05T09:53:17.138+0000] {subprocess.py:93} INFO -   File "/usr/local/lib/python3.10/pathlib.py", line 1175, in mkdir
[2025-11-05T09:53:17.138+0000] {subprocess.py:93} INFO -     self._accessor.mkdir(self, mode)
[2025-11-05T09:53:17.139+0000] {subprocess.py:93} INFO - FileExistsError: [Errno 17] File exists: '/opt/airflow/model_bank'
[2025-11-05T09:53:17.250+0000] {subprocess.py:97} INFO - Command exited with return code 1
[2025-11-05T09:53:17.275+0000] {taskinstance.py:3310} ERROR - Task failed with exception
Traceback (most recent call last):
  File "/home/airflow/.local/lib/python3.10/site-packages/airflow/models/taskinstance.py", line 767, in _execute_task
    result = _execute_callable(context=context, **execute_callable_kwargs)
  File "/home/airflow/.local/lib/python3.10/site-packages/airflow/models/taskinstance.py", line 733, in _execute_callable
    return ExecutionCallableRunner(
  File "/home/airflow/.local/lib/python3.10/site-packages/airflow/utils/operator_helpers.py", line 252, in run
    return self.func(*args, **kwargs)
  File "/home/airflow/.local/lib/python3.10/site-packages/airflow/models/baseoperator.py", line 406, in wrapper
    return func(self, *args, **kwargs)
  File "/home/airflow/.local/lib/python3.10/site-packages/airflow/operators/bash.py", line 249, in execute
    raise AirflowException(
airflow.exceptions.AirflowException: Bash command failed. The command returned a non-zero exit code 1.
[2025-11-05T09:53:17.281+0000] {taskinstance.py:1225} INFO - Marking task as FAILED. dag_id=e2e_pipeline, task_id=catboost_gold_train, run_id=manual__2025-11-05T09:52:46.906461+00:00, execution_date=20251105T095246, start_date=20251105T095315, end_date=20251105T095317
[2025-11-05T09:53:17.313+0000] {taskinstance.py:340} INFO - ::group::Post task execution logs
[2025-11-05T09:53:17.314+0000] {standard_task_runner.py:124} ERROR - Failed to execute job 45 for task catboost_gold_train (Bash command failed. The command returned a non-zero exit code 1.; 791)
Traceback (most recent call last):
  File "/home/airflow/.local/lib/python3.10/site-packages/airflow/task/task_runner/standard_task_runner.py", line 117, in _start_by_fork
    ret = args.func(args, dag=self.dag)
  File "/home/airflow/.local/lib/python3.10/site-packages/airflow/cli/cli_config.py", line 49, in command
    return func(*args, **kwargs)
  File "/home/airflow/.local/lib/python3.10/site-packages/airflow/utils/cli.py", line 115, in wrapper
    return f(*args, **kwargs)
  File "/home/airflow/.local/lib/python3.10/site-packages/airflow/cli/commands/task_command.py", line 483, in task_run
    task_return_code = _run_task_by_selected_method(args, _dag, ti)
  File "/home/airflow/.local/lib/python3.10/site-packages/airflow/cli/commands/task_command.py", line 256, in _run_task_by_selected_method
    return _run_raw_task(args, ti)
  File "/home/airflow/.local/lib/python3.10/site-packages/airflow/cli/commands/task_command.py", line 341, in _run_raw_task
    return ti._run_raw_task(
  File "/home/airflow/.local/lib/python3.10/site-packages/airflow/utils/session.py", line 97, in wrapper
    return func(*args, session=session, **kwargs)
  File "/home/airflow/.local/lib/python3.10/site-packages/airflow/models/taskinstance.py", line 3004, in _run_raw_task
    return _run_raw_task(
  File "/home/airflow/.local/lib/python3.10/site-packages/airflow/models/taskinstance.py", line 273, in _run_raw_task
    TaskInstance._execute_task_with_callbacks(
  File "/home/airflow/.local/lib/python3.10/site-packages/airflow/models/taskinstance.py", line 3158, in _execute_task_with_callbacks
    result = self._execute_task(context, task_orig)
  File "/home/airflow/.local/lib/python3.10/site-packages/airflow/models/taskinstance.py", line 3182, in _execute_task
    return _execute_task(self, context, task_orig)
  File "/home/airflow/.local/lib/python3.10/site-packages/airflow/models/taskinstance.py", line 767, in _execute_task
    result = _execute_callable(context=context, **execute_callable_kwargs)
  File "/home/airflow/.local/lib/python3.10/site-packages/airflow/models/taskinstance.py", line 733, in _execute_callable
    return ExecutionCallableRunner(
  File "/home/airflow/.local/lib/python3.10/site-packages/airflow/utils/operator_helpers.py", line 252, in run
    return self.func(*args, **kwargs)
  File "/home/airflow/.local/lib/python3.10/site-packages/airflow/models/baseoperator.py", line 406, in wrapper
    return func(self, *args, **kwargs)
  File "/home/airflow/.local/lib/python3.10/site-packages/airflow/operators/bash.py", line 249, in execute
    raise AirflowException(
airflow.exceptions.AirflowException: Bash command failed. The command returned a non-zero exit code 1.
[2025-11-05T09:53:17.357+0000] {local_task_job_runner.py:266} INFO - Task exited with return code 1
[2025-11-05T09:53:17.384+0000] {taskinstance.py:3900} INFO - 0 downstream tasks scheduled from follow-on schedule check
[2025-11-05T09:53:17.403+0000] {local_task_job_runner.py:245} INFO - ::endgroup::
