[2025-11-05T09:43:04.565+0000] {local_task_job_runner.py:123} INFO - ::group::Pre task execution logs
[2025-11-05T09:43:04.580+0000] {taskinstance.py:2612} INFO - Dependencies all met for dep_context=non-requeueable deps ti=<TaskInstance: e2e_pipeline.bronze_process manual__2025-11-05T09:41:36.310336+00:00 [queued]>
[2025-11-05T09:43:04.590+0000] {taskinstance.py:2612} INFO - Dependencies all met for dep_context=requeueable deps ti=<TaskInstance: e2e_pipeline.bronze_process manual__2025-11-05T09:41:36.310336+00:00 [queued]>
[2025-11-05T09:43:04.592+0000] {taskinstance.py:2865} INFO - Starting attempt 2 of 2
[2025-11-05T09:43:04.624+0000] {taskinstance.py:2888} INFO - Executing <Task(BashOperator): bronze_process> on 2025-11-05 09:41:36.310336+00:00
[2025-11-05T09:43:04.630+0000] {standard_task_runner.py:72} INFO - Started process 1315 to run task
[2025-11-05T09:43:04.634+0000] {standard_task_runner.py:104} INFO - Running: ['airflow', 'tasks', 'run', 'e2e_pipeline', 'bronze_process', 'manual__2025-11-05T09:41:36.310336+00:00', '--job-id', '53', '--raw', '--subdir', 'DAGS_FOLDER/e2e_pipeline_dag.py', '--cfg-path', '/tmp/tmpggpctgxu']
[2025-11-05T09:43:04.637+0000] {standard_task_runner.py:105} INFO - Job 53: Subtask bronze_process
[2025-11-05T09:43:04.713+0000] {task_command.py:467} INFO - Running <TaskInstance: e2e_pipeline.bronze_process manual__2025-11-05T09:41:36.310336+00:00 [running]> on host 9d186853eb29
[2025-11-05T09:43:04.800+0000] {taskinstance.py:3131} INFO - Exporting env vars: AIRFLOW_CTX_DAG_OWNER='airflow' AIRFLOW_CTX_DAG_ID='e2e_pipeline' AIRFLOW_CTX_TASK_ID='bronze_process' AIRFLOW_CTX_EXECUTION_DATE='2025-11-05T09:41:36.310336+00:00' AIRFLOW_CTX_TRY_NUMBER='2' AIRFLOW_CTX_DAG_RUN_ID='manual__2025-11-05T09:41:36.310336+00:00'
[2025-11-05T09:43:04.802+0000] {taskinstance.py:731} INFO - ::endgroup::
[2025-11-05T09:43:04.813+0000] {subprocess.py:63} INFO - Tmp dir root location: /tmp
[2025-11-05T09:43:04.816+0000] {subprocess.py:75} INFO - Running command: ['/usr/bin/bash', '-c', 'python /opt/airflow/scripts/bronze_process.py']
[2025-11-05T09:43:04.823+0000] {subprocess.py:86} INFO - Output:
[2025-11-05T09:43:05.605+0000] {subprocess.py:93} INFO - [bronze] 数据目录：/opt/airflow/data
[2025-11-05T09:43:05.607+0000] {subprocess.py:93} INFO - [bronze] lable输出目录：/opt/airflow/datamart/bronze/label_store
[2025-11-05T09:43:05.609+0000] {subprocess.py:93} INFO - [bronze] feature输出目录：/opt/airflow/datamart/bronze/feature_store
[2025-11-05T09:43:05.610+0000] {subprocess.py:93} INFO - Traceback (most recent call last):
[2025-11-05T09:43:05.611+0000] {subprocess.py:93} INFO -   File "/usr/local/lib/python3.10/pathlib.py", line 1175, in mkdir
[2025-11-05T09:43:05.613+0000] {subprocess.py:93} INFO -     self._accessor.mkdir(self, mode)
[2025-11-05T09:43:05.614+0000] {subprocess.py:93} INFO - FileNotFoundError: [Errno 2] No such file or directory: '/opt/airflow/datamart/bronze/label_store'
[2025-11-05T09:43:05.616+0000] {subprocess.py:93} INFO - 
[2025-11-05T09:43:05.617+0000] {subprocess.py:93} INFO - During handling of the above exception, another exception occurred:
[2025-11-05T09:43:05.618+0000] {subprocess.py:93} INFO - 
[2025-11-05T09:43:05.619+0000] {subprocess.py:93} INFO - Traceback (most recent call last):
[2025-11-05T09:43:05.620+0000] {subprocess.py:93} INFO -   File "/usr/local/lib/python3.10/pathlib.py", line 1175, in mkdir
[2025-11-05T09:43:05.620+0000] {subprocess.py:93} INFO -     self._accessor.mkdir(self, mode)
[2025-11-05T09:43:05.621+0000] {subprocess.py:93} INFO - FileNotFoundError: [Errno 2] No such file or directory: '/opt/airflow/datamart/bronze'
[2025-11-05T09:43:05.622+0000] {subprocess.py:93} INFO - 
[2025-11-05T09:43:05.622+0000] {subprocess.py:93} INFO - During handling of the above exception, another exception occurred:
[2025-11-05T09:43:05.623+0000] {subprocess.py:93} INFO - 
[2025-11-05T09:43:05.623+0000] {subprocess.py:93} INFO - Traceback (most recent call last):
[2025-11-05T09:43:05.624+0000] {subprocess.py:93} INFO -   File "/opt/airflow/scripts/bronze_process.py", line 191, in <module>
[2025-11-05T09:43:05.625+0000] {subprocess.py:93} INFO -     main()
[2025-11-05T09:43:05.625+0000] {subprocess.py:93} INFO -   File "/opt/airflow/scripts/bronze_process.py", line 155, in main
[2025-11-05T09:43:05.626+0000] {subprocess.py:93} INFO -     ensure_dir(BRONZE_DIR_LABEL)
[2025-11-05T09:43:05.627+0000] {subprocess.py:93} INFO -   File "/opt/airflow/scripts/bronze_process.py", line 59, in ensure_dir
[2025-11-05T09:43:05.628+0000] {subprocess.py:93} INFO -     p.mkdir(parents=True, exist_ok=True)
[2025-11-05T09:43:05.628+0000] {subprocess.py:93} INFO -   File "/usr/local/lib/python3.10/pathlib.py", line 1179, in mkdir
[2025-11-05T09:43:05.629+0000] {subprocess.py:93} INFO -     self.parent.mkdir(parents=True, exist_ok=True)
[2025-11-05T09:43:05.630+0000] {subprocess.py:93} INFO -   File "/usr/local/lib/python3.10/pathlib.py", line 1179, in mkdir
[2025-11-05T09:43:05.631+0000] {subprocess.py:93} INFO -     self.parent.mkdir(parents=True, exist_ok=True)
[2025-11-05T09:43:05.632+0000] {subprocess.py:93} INFO -   File "/usr/local/lib/python3.10/pathlib.py", line 1175, in mkdir
[2025-11-05T09:43:05.632+0000] {subprocess.py:93} INFO -     self._accessor.mkdir(self, mode)
[2025-11-05T09:43:05.633+0000] {subprocess.py:93} INFO - FileExistsError: [Errno 17] File exists: '/opt/airflow/datamart'
[2025-11-05T09:43:05.659+0000] {subprocess.py:97} INFO - Command exited with return code 1
[2025-11-05T09:43:05.673+0000] {taskinstance.py:3310} ERROR - Task failed with exception
Traceback (most recent call last):
  File "/home/airflow/.local/lib/python3.10/site-packages/airflow/models/taskinstance.py", line 767, in _execute_task
    result = _execute_callable(context=context, **execute_callable_kwargs)
  File "/home/airflow/.local/lib/python3.10/site-packages/airflow/models/taskinstance.py", line 733, in _execute_callable
    return ExecutionCallableRunner(
  File "/home/airflow/.local/lib/python3.10/site-packages/airflow/utils/operator_helpers.py", line 252, in run
    return self.func(*args, **kwargs)
  File "/home/airflow/.local/lib/python3.10/site-packages/airflow/models/baseoperator.py", line 406, in wrapper
    return func(self, *args, **kwargs)
  File "/home/airflow/.local/lib/python3.10/site-packages/airflow/operators/bash.py", line 249, in execute
    raise AirflowException(
airflow.exceptions.AirflowException: Bash command failed. The command returned a non-zero exit code 1.
[2025-11-05T09:43:05.677+0000] {taskinstance.py:1225} INFO - Marking task as FAILED. dag_id=e2e_pipeline, task_id=bronze_process, run_id=manual__2025-11-05T09:41:36.310336+00:00, execution_date=20251105T094136, start_date=20251105T094304, end_date=20251105T094305
[2025-11-05T09:43:05.707+0000] {taskinstance.py:340} INFO - ::group::Post task execution logs
[2025-11-05T09:43:05.708+0000] {standard_task_runner.py:124} ERROR - Failed to execute job 53 for task bronze_process (Bash command failed. The command returned a non-zero exit code 1.; 1315)
Traceback (most recent call last):
  File "/home/airflow/.local/lib/python3.10/site-packages/airflow/task/task_runner/standard_task_runner.py", line 117, in _start_by_fork
    ret = args.func(args, dag=self.dag)
  File "/home/airflow/.local/lib/python3.10/site-packages/airflow/cli/cli_config.py", line 49, in command
    return func(*args, **kwargs)
  File "/home/airflow/.local/lib/python3.10/site-packages/airflow/utils/cli.py", line 115, in wrapper
    return f(*args, **kwargs)
  File "/home/airflow/.local/lib/python3.10/site-packages/airflow/cli/commands/task_command.py", line 483, in task_run
    task_return_code = _run_task_by_selected_method(args, _dag, ti)
  File "/home/airflow/.local/lib/python3.10/site-packages/airflow/cli/commands/task_command.py", line 256, in _run_task_by_selected_method
    return _run_raw_task(args, ti)
  File "/home/airflow/.local/lib/python3.10/site-packages/airflow/cli/commands/task_command.py", line 341, in _run_raw_task
    return ti._run_raw_task(
  File "/home/airflow/.local/lib/python3.10/site-packages/airflow/utils/session.py", line 97, in wrapper
    return func(*args, session=session, **kwargs)
  File "/home/airflow/.local/lib/python3.10/site-packages/airflow/models/taskinstance.py", line 3004, in _run_raw_task
    return _run_raw_task(
  File "/home/airflow/.local/lib/python3.10/site-packages/airflow/models/taskinstance.py", line 273, in _run_raw_task
    TaskInstance._execute_task_with_callbacks(
  File "/home/airflow/.local/lib/python3.10/site-packages/airflow/models/taskinstance.py", line 3158, in _execute_task_with_callbacks
    result = self._execute_task(context, task_orig)
  File "/home/airflow/.local/lib/python3.10/site-packages/airflow/models/taskinstance.py", line 3182, in _execute_task
    return _execute_task(self, context, task_orig)
  File "/home/airflow/.local/lib/python3.10/site-packages/airflow/models/taskinstance.py", line 767, in _execute_task
    result = _execute_callable(context=context, **execute_callable_kwargs)
  File "/home/airflow/.local/lib/python3.10/site-packages/airflow/models/taskinstance.py", line 733, in _execute_callable
    return ExecutionCallableRunner(
  File "/home/airflow/.local/lib/python3.10/site-packages/airflow/utils/operator_helpers.py", line 252, in run
    return self.func(*args, **kwargs)
  File "/home/airflow/.local/lib/python3.10/site-packages/airflow/models/baseoperator.py", line 406, in wrapper
    return func(self, *args, **kwargs)
  File "/home/airflow/.local/lib/python3.10/site-packages/airflow/operators/bash.py", line 249, in execute
    raise AirflowException(
airflow.exceptions.AirflowException: Bash command failed. The command returned a non-zero exit code 1.
[2025-11-05T09:43:05.732+0000] {local_task_job_runner.py:266} INFO - Task exited with return code 1
[2025-11-05T09:43:05.760+0000] {taskinstance.py:3900} INFO - 0 downstream tasks scheduled from follow-on schedule check
[2025-11-05T09:43:05.781+0000] {local_task_job_runner.py:245} INFO - ::endgroup::
