[2025-11-05T09:16:29.870+0000] {local_task_job_runner.py:123} INFO - ::group::Pre task execution logs
[2025-11-05T09:16:29.890+0000] {taskinstance.py:2612} INFO - Dependencies all met for dep_context=non-requeueable deps ti=<TaskInstance: e2e_pipeline.catboost_gold_train manual__2025-11-05T09:16:00.264039+00:00 [queued]>
[2025-11-05T09:16:29.902+0000] {taskinstance.py:2612} INFO - Dependencies all met for dep_context=requeueable deps ti=<TaskInstance: e2e_pipeline.catboost_gold_train manual__2025-11-05T09:16:00.264039+00:00 [queued]>
[2025-11-05T09:16:29.904+0000] {taskinstance.py:2865} INFO - Starting attempt 1 of 1
[2025-11-05T09:16:29.938+0000] {taskinstance.py:2888} INFO - Executing <Task(BashOperator): catboost_gold_train> on 2025-11-05 09:16:00.264039+00:00
[2025-11-05T09:16:29.942+0000] {standard_task_runner.py:72} INFO - Started process 206 to run task
[2025-11-05T09:16:29.946+0000] {standard_task_runner.py:104} INFO - Running: ['airflow', 'tasks', 'run', 'e2e_pipeline', 'catboost_gold_train', 'manual__2025-11-05T09:16:00.264039+00:00', '--job-id', '34', '--raw', '--subdir', 'DAGS_FOLDER/e2e_pipeline_dag.py', '--cfg-path', '/tmp/tmps3ui_zir']
[2025-11-05T09:16:29.948+0000] {standard_task_runner.py:105} INFO - Job 34: Subtask catboost_gold_train
[2025-11-05T09:16:30.036+0000] {task_command.py:467} INFO - Running <TaskInstance: e2e_pipeline.catboost_gold_train manual__2025-11-05T09:16:00.264039+00:00 [running]> on host 9d186853eb29
[2025-11-05T09:16:30.160+0000] {taskinstance.py:3131} INFO - Exporting env vars: AIRFLOW_CTX_DAG_OWNER='airflow' AIRFLOW_CTX_DAG_ID='e2e_pipeline' AIRFLOW_CTX_TASK_ID='catboost_gold_train' AIRFLOW_CTX_EXECUTION_DATE='2025-11-05T09:16:00.264039+00:00' AIRFLOW_CTX_TRY_NUMBER='1' AIRFLOW_CTX_DAG_RUN_ID='manual__2025-11-05T09:16:00.264039+00:00'
[2025-11-05T09:16:30.162+0000] {taskinstance.py:731} INFO - ::endgroup::
[2025-11-05T09:16:30.176+0000] {subprocess.py:63} INFO - Tmp dir root location: /tmp
[2025-11-05T09:16:30.178+0000] {subprocess.py:75} INFO - Running command: ['/usr/bin/bash', '-c', 'python /opt/airflow/scripts/catboost_gold_train.py']
[2025-11-05T09:16:30.187+0000] {subprocess.py:86} INFO - Output:
[2025-11-05T09:16:31.348+0000] {subprocess.py:93} INFO - Traceback (most recent call last):
[2025-11-05T09:16:31.351+0000] {subprocess.py:93} INFO -   File "/opt/airflow/scripts/catboost_gold_train.py", line 27, in <module>
[2025-11-05T09:16:31.354+0000] {subprocess.py:93} INFO -     import seaborn as sns
[2025-11-05T09:16:31.355+0000] {subprocess.py:93} INFO - ModuleNotFoundError: No module named 'seaborn'
[2025-11-05T09:16:31.422+0000] {subprocess.py:97} INFO - Command exited with return code 1
[2025-11-05T09:16:31.439+0000] {taskinstance.py:3310} ERROR - Task failed with exception
Traceback (most recent call last):
  File "/home/airflow/.local/lib/python3.10/site-packages/airflow/models/taskinstance.py", line 767, in _execute_task
    result = _execute_callable(context=context, **execute_callable_kwargs)
  File "/home/airflow/.local/lib/python3.10/site-packages/airflow/models/taskinstance.py", line 733, in _execute_callable
    return ExecutionCallableRunner(
  File "/home/airflow/.local/lib/python3.10/site-packages/airflow/utils/operator_helpers.py", line 252, in run
    return self.func(*args, **kwargs)
  File "/home/airflow/.local/lib/python3.10/site-packages/airflow/models/baseoperator.py", line 406, in wrapper
    return func(self, *args, **kwargs)
  File "/home/airflow/.local/lib/python3.10/site-packages/airflow/operators/bash.py", line 249, in execute
    raise AirflowException(
airflow.exceptions.AirflowException: Bash command failed. The command returned a non-zero exit code 1.
[2025-11-05T09:16:31.443+0000] {taskinstance.py:1225} INFO - Marking task as FAILED. dag_id=e2e_pipeline, task_id=catboost_gold_train, run_id=manual__2025-11-05T09:16:00.264039+00:00, execution_date=20251105T091600, start_date=20251105T091629, end_date=20251105T091631
[2025-11-05T09:16:31.470+0000] {taskinstance.py:340} INFO - ::group::Post task execution logs
[2025-11-05T09:16:31.471+0000] {standard_task_runner.py:124} ERROR - Failed to execute job 34 for task catboost_gold_train (Bash command failed. The command returned a non-zero exit code 1.; 206)
Traceback (most recent call last):
  File "/home/airflow/.local/lib/python3.10/site-packages/airflow/task/task_runner/standard_task_runner.py", line 117, in _start_by_fork
    ret = args.func(args, dag=self.dag)
  File "/home/airflow/.local/lib/python3.10/site-packages/airflow/cli/cli_config.py", line 49, in command
    return func(*args, **kwargs)
  File "/home/airflow/.local/lib/python3.10/site-packages/airflow/utils/cli.py", line 115, in wrapper
    return f(*args, **kwargs)
  File "/home/airflow/.local/lib/python3.10/site-packages/airflow/cli/commands/task_command.py", line 483, in task_run
    task_return_code = _run_task_by_selected_method(args, _dag, ti)
  File "/home/airflow/.local/lib/python3.10/site-packages/airflow/cli/commands/task_command.py", line 256, in _run_task_by_selected_method
    return _run_raw_task(args, ti)
  File "/home/airflow/.local/lib/python3.10/site-packages/airflow/cli/commands/task_command.py", line 341, in _run_raw_task
    return ti._run_raw_task(
  File "/home/airflow/.local/lib/python3.10/site-packages/airflow/utils/session.py", line 97, in wrapper
    return func(*args, session=session, **kwargs)
  File "/home/airflow/.local/lib/python3.10/site-packages/airflow/models/taskinstance.py", line 3004, in _run_raw_task
    return _run_raw_task(
  File "/home/airflow/.local/lib/python3.10/site-packages/airflow/models/taskinstance.py", line 273, in _run_raw_task
    TaskInstance._execute_task_with_callbacks(
  File "/home/airflow/.local/lib/python3.10/site-packages/airflow/models/taskinstance.py", line 3158, in _execute_task_with_callbacks
    result = self._execute_task(context, task_orig)
  File "/home/airflow/.local/lib/python3.10/site-packages/airflow/models/taskinstance.py", line 3182, in _execute_task
    return _execute_task(self, context, task_orig)
  File "/home/airflow/.local/lib/python3.10/site-packages/airflow/models/taskinstance.py", line 767, in _execute_task
    result = _execute_callable(context=context, **execute_callable_kwargs)
  File "/home/airflow/.local/lib/python3.10/site-packages/airflow/models/taskinstance.py", line 733, in _execute_callable
    return ExecutionCallableRunner(
  File "/home/airflow/.local/lib/python3.10/site-packages/airflow/utils/operator_helpers.py", line 252, in run
    return self.func(*args, **kwargs)
  File "/home/airflow/.local/lib/python3.10/site-packages/airflow/models/baseoperator.py", line 406, in wrapper
    return func(self, *args, **kwargs)
  File "/home/airflow/.local/lib/python3.10/site-packages/airflow/operators/bash.py", line 249, in execute
    raise AirflowException(
airflow.exceptions.AirflowException: Bash command failed. The command returned a non-zero exit code 1.
[2025-11-05T09:16:31.484+0000] {local_task_job_runner.py:266} INFO - Task exited with return code 1
[2025-11-05T09:16:31.505+0000] {taskinstance.py:3900} INFO - 0 downstream tasks scheduled from follow-on schedule check
[2025-11-05T09:16:31.523+0000] {local_task_job_runner.py:245} INFO - ::endgroup::
