[2025-11-05T09:45:51.779+0000] {local_task_job_runner.py:123} INFO - ::group::Pre task execution logs
[2025-11-05T09:45:51.795+0000] {taskinstance.py:2612} INFO - Dependencies all met for dep_context=non-requeueable deps ti=<TaskInstance: e2e_pipeline.monitor manual__2025-11-05T09:45:06.762932+00:00 [queued]>
[2025-11-05T09:45:51.804+0000] {taskinstance.py:2612} INFO - Dependencies all met for dep_context=requeueable deps ti=<TaskInstance: e2e_pipeline.monitor manual__2025-11-05T09:45:06.762932+00:00 [queued]>
[2025-11-05T09:45:51.805+0000] {taskinstance.py:2865} INFO - Starting attempt 1 of 1
[2025-11-05T09:45:51.838+0000] {taskinstance.py:2888} INFO - Executing <Task(BashOperator): monitor> on 2025-11-05 09:45:06.762932+00:00
[2025-11-05T09:45:51.843+0000] {standard_task_runner.py:72} INFO - Started process 392 to run task
[2025-11-05T09:45:51.846+0000] {standard_task_runner.py:104} INFO - Running: ['airflow', 'tasks', 'run', 'e2e_pipeline', 'monitor', 'manual__2025-11-05T09:45:06.762932+00:00', '--job-id', '37', '--raw', '--subdir', 'DAGS_FOLDER/e2e_pipeline_dag.py', '--cfg-path', '/tmp/tmpmxz6l958']
[2025-11-05T09:45:51.849+0000] {standard_task_runner.py:105} INFO - Job 37: Subtask monitor
[2025-11-05T09:45:51.925+0000] {task_command.py:467} INFO - Running <TaskInstance: e2e_pipeline.monitor manual__2025-11-05T09:45:06.762932+00:00 [running]> on host 733ebcbf0503
[2025-11-05T09:45:52.030+0000] {taskinstance.py:3131} INFO - Exporting env vars: AIRFLOW_CTX_DAG_OWNER='airflow' AIRFLOW_CTX_DAG_ID='e2e_pipeline' AIRFLOW_CTX_TASK_ID='monitor' AIRFLOW_CTX_EXECUTION_DATE='2025-11-05T09:45:06.762932+00:00' AIRFLOW_CTX_TRY_NUMBER='1' AIRFLOW_CTX_DAG_RUN_ID='manual__2025-11-05T09:45:06.762932+00:00'
[2025-11-05T09:45:52.031+0000] {taskinstance.py:731} INFO - ::endgroup::
[2025-11-05T09:45:52.042+0000] {subprocess.py:63} INFO - Tmp dir root location: /tmp
[2025-11-05T09:45:52.044+0000] {subprocess.py:75} INFO - Running command: ['/usr/bin/bash', '-c', 'python /opt/airflow/scripts/monitor.py']
[2025-11-05T09:45:52.051+0000] {subprocess.py:86} INFO - Output:
[2025-11-05T09:45:53.161+0000] {subprocess.py:93} INFO - DATA_DIR=/opt/airflow/datamart/gold
[2025-11-05T09:45:53.162+0000] {subprocess.py:93} INFO - MODEL_BANK_DIR=/opt/airflow/model_bank
[2025-11-05T09:45:53.163+0000] {subprocess.py:93} INFO - Date range: 2024-05-01 .. 2024-09-01
[2025-11-05T09:45:53.164+0000] {subprocess.py:93} INFO - 
[2025-11-05T09:45:53.165+0000] {subprocess.py:93} INFO - 
[2025-11-05T09:45:53.167+0000] {subprocess.py:93} INFO - ========== PART 1: Logistic Regression monitor ==========
[2025-11-05T09:45:53.167+0000] {subprocess.py:93} INFO - Traceback (most recent call last):
[2025-11-05T09:45:53.168+0000] {subprocess.py:93} INFO -   File "/opt/airflow/scripts/monitor.py", line 396, in <module>
[2025-11-05T09:45:53.169+0000] {subprocess.py:93} INFO -     logreg_df = run_logreg_monitor()
[2025-11-05T09:45:53.170+0000] {subprocess.py:93} INFO -   File "/opt/airflow/scripts/monitor.py", line 221, in run_logreg_monitor
[2025-11-05T09:45:53.171+0000] {subprocess.py:93} INFO -     raise FileNotFoundError(f"No joblib model found in {logreg_dir}")
[2025-11-05T09:45:53.172+0000] {subprocess.py:93} INFO - FileNotFoundError: No joblib model found in /opt/airflow/model_bank/logreg
[2025-11-05T09:45:53.247+0000] {subprocess.py:97} INFO - Command exited with return code 1
[2025-11-05T09:45:53.261+0000] {taskinstance.py:3310} ERROR - Task failed with exception
Traceback (most recent call last):
  File "/home/airflow/.local/lib/python3.10/site-packages/airflow/models/taskinstance.py", line 767, in _execute_task
    result = _execute_callable(context=context, **execute_callable_kwargs)
  File "/home/airflow/.local/lib/python3.10/site-packages/airflow/models/taskinstance.py", line 733, in _execute_callable
    return ExecutionCallableRunner(
  File "/home/airflow/.local/lib/python3.10/site-packages/airflow/utils/operator_helpers.py", line 252, in run
    return self.func(*args, **kwargs)
  File "/home/airflow/.local/lib/python3.10/site-packages/airflow/models/baseoperator.py", line 406, in wrapper
    return func(self, *args, **kwargs)
  File "/home/airflow/.local/lib/python3.10/site-packages/airflow/operators/bash.py", line 249, in execute
    raise AirflowException(
airflow.exceptions.AirflowException: Bash command failed. The command returned a non-zero exit code 1.
[2025-11-05T09:45:53.265+0000] {taskinstance.py:1225} INFO - Marking task as FAILED. dag_id=e2e_pipeline, task_id=monitor, run_id=manual__2025-11-05T09:45:06.762932+00:00, execution_date=20251105T094506, start_date=20251105T094551, end_date=20251105T094553
[2025-11-05T09:45:53.296+0000] {taskinstance.py:340} INFO - ::group::Post task execution logs
[2025-11-05T09:45:53.297+0000] {standard_task_runner.py:124} ERROR - Failed to execute job 37 for task monitor (Bash command failed. The command returned a non-zero exit code 1.; 392)
Traceback (most recent call last):
  File "/home/airflow/.local/lib/python3.10/site-packages/airflow/task/task_runner/standard_task_runner.py", line 117, in _start_by_fork
    ret = args.func(args, dag=self.dag)
  File "/home/airflow/.local/lib/python3.10/site-packages/airflow/cli/cli_config.py", line 49, in command
    return func(*args, **kwargs)
  File "/home/airflow/.local/lib/python3.10/site-packages/airflow/utils/cli.py", line 115, in wrapper
    return f(*args, **kwargs)
  File "/home/airflow/.local/lib/python3.10/site-packages/airflow/cli/commands/task_command.py", line 483, in task_run
    task_return_code = _run_task_by_selected_method(args, _dag, ti)
  File "/home/airflow/.local/lib/python3.10/site-packages/airflow/cli/commands/task_command.py", line 256, in _run_task_by_selected_method
    return _run_raw_task(args, ti)
  File "/home/airflow/.local/lib/python3.10/site-packages/airflow/cli/commands/task_command.py", line 341, in _run_raw_task
    return ti._run_raw_task(
  File "/home/airflow/.local/lib/python3.10/site-packages/airflow/utils/session.py", line 97, in wrapper
    return func(*args, session=session, **kwargs)
  File "/home/airflow/.local/lib/python3.10/site-packages/airflow/models/taskinstance.py", line 3004, in _run_raw_task
    return _run_raw_task(
  File "/home/airflow/.local/lib/python3.10/site-packages/airflow/models/taskinstance.py", line 273, in _run_raw_task
    TaskInstance._execute_task_with_callbacks(
  File "/home/airflow/.local/lib/python3.10/site-packages/airflow/models/taskinstance.py", line 3158, in _execute_task_with_callbacks
    result = self._execute_task(context, task_orig)
  File "/home/airflow/.local/lib/python3.10/site-packages/airflow/models/taskinstance.py", line 3182, in _execute_task
    return _execute_task(self, context, task_orig)
  File "/home/airflow/.local/lib/python3.10/site-packages/airflow/models/taskinstance.py", line 767, in _execute_task
    result = _execute_callable(context=context, **execute_callable_kwargs)
  File "/home/airflow/.local/lib/python3.10/site-packages/airflow/models/taskinstance.py", line 733, in _execute_callable
    return ExecutionCallableRunner(
  File "/home/airflow/.local/lib/python3.10/site-packages/airflow/utils/operator_helpers.py", line 252, in run
    return self.func(*args, **kwargs)
  File "/home/airflow/.local/lib/python3.10/site-packages/airflow/models/baseoperator.py", line 406, in wrapper
    return func(self, *args, **kwargs)
  File "/home/airflow/.local/lib/python3.10/site-packages/airflow/operators/bash.py", line 249, in execute
    raise AirflowException(
airflow.exceptions.AirflowException: Bash command failed. The command returned a non-zero exit code 1.
[2025-11-05T09:45:53.306+0000] {local_task_job_runner.py:266} INFO - Task exited with return code 1
[2025-11-05T09:45:53.323+0000] {taskinstance.py:3900} INFO - 0 downstream tasks scheduled from follow-on schedule check
[2025-11-05T09:45:53.325+0000] {local_task_job_runner.py:245} INFO - ::endgroup::
