[2025-11-05T08:50:07.862+0000] {local_task_job_runner.py:123} INFO - ::group::Pre task execution logs
[2025-11-05T08:50:07.875+0000] {taskinstance.py:2612} INFO - Dependencies all met for dep_context=non-requeueable deps ti=<TaskInstance: e2e_pipeline.silver_process manual__2025-11-05T08:08:55.279656+00:00 [queued]>
[2025-11-05T08:50:07.887+0000] {taskinstance.py:2612} INFO - Dependencies all met for dep_context=requeueable deps ti=<TaskInstance: e2e_pipeline.silver_process manual__2025-11-05T08:08:55.279656+00:00 [queued]>
[2025-11-05T08:50:07.888+0000] {taskinstance.py:2865} INFO - Starting attempt 1 of 1
[2025-11-05T08:50:08.552+0000] {taskinstance.py:2888} INFO - Executing <Task(BashOperator): silver_process> on 2025-11-05 08:08:55.279656+00:00
[2025-11-05T08:50:08.557+0000] {standard_task_runner.py:72} INFO - Started process 86 to run task
[2025-11-05T08:50:08.559+0000] {standard_task_runner.py:104} INFO - Running: ['airflow', 'tasks', 'run', 'e2e_pipeline', 'silver_process', 'manual__2025-11-05T08:08:55.279656+00:00', '--job-id', '19', '--raw', '--subdir', 'DAGS_FOLDER/e2e_pipeline_dag.py', '--cfg-path', '/tmp/tmpzu86cumx']
[2025-11-05T08:50:08.561+0000] {standard_task_runner.py:105} INFO - Job 19: Subtask silver_process
[2025-11-05T08:50:08.653+0000] {task_command.py:467} INFO - Running <TaskInstance: e2e_pipeline.silver_process manual__2025-11-05T08:08:55.279656+00:00 [running]> on host 0c82a370628b
[2025-11-05T08:50:09.526+0000] {taskinstance.py:3131} INFO - Exporting env vars: AIRFLOW_CTX_DAG_OWNER='airflow' AIRFLOW_CTX_DAG_ID='e2e_pipeline' AIRFLOW_CTX_TASK_ID='silver_process' AIRFLOW_CTX_EXECUTION_DATE='2025-11-05T08:08:55.279656+00:00' AIRFLOW_CTX_TRY_NUMBER='1' AIRFLOW_CTX_DAG_RUN_ID='manual__2025-11-05T08:08:55.279656+00:00'
[2025-11-05T08:50:09.527+0000] {taskinstance.py:731} INFO - ::endgroup::
[2025-11-05T08:50:09.543+0000] {subprocess.py:63} INFO - Tmp dir root location: /tmp
[2025-11-05T08:50:09.544+0000] {subprocess.py:75} INFO - Running command: ['/usr/bin/bash', '-c', 'python /opt/airflow/scripts/silver_process.py']
[2025-11-05T08:50:09.558+0000] {subprocess.py:86} INFO - Output:
[2025-11-05T08:50:10.360+0000] {subprocess.py:93} INFO - [silver] 读取：C:\Users\HP\Desktop\MLE\mleproject\datamart\bronze\feature_store/demographic_df_noisy.csv
[2025-11-05T08:50:10.361+0000] {subprocess.py:93} INFO - Traceback (most recent call last):
[2025-11-05T08:50:10.362+0000] {subprocess.py:93} INFO -   File "/opt/airflow/scripts/silver_process.py", line 506, in <module>
[2025-11-05T08:50:10.364+0000] {subprocess.py:93} INFO -     main()
[2025-11-05T08:50:10.365+0000] {subprocess.py:93} INFO -   File "/opt/airflow/scripts/silver_process.py", line 483, in main
[2025-11-05T08:50:10.368+0000] {subprocess.py:93} INFO -     demographic_df = read_csv_any(demo_path)
[2025-11-05T08:50:10.368+0000] {subprocess.py:93} INFO -                      ^^^^^^^^^^^^^^^^^^^^^^^
[2025-11-05T08:50:10.368+0000] {subprocess.py:93} INFO -   File "/opt/airflow/scripts/silver_process.py", line 77, in read_csv_any
[2025-11-05T08:50:10.370+0000] {subprocess.py:93} INFO -     raise last_err
[2025-11-05T08:50:10.370+0000] {subprocess.py:93} INFO -   File "/opt/airflow/scripts/silver_process.py", line 74, in read_csv_any
[2025-11-05T08:50:10.371+0000] {subprocess.py:93} INFO -     return pd.read_csv(path, encoding=enc)
[2025-11-05T08:50:10.371+0000] {subprocess.py:93} INFO -            ^^^^^^^^^^^^^^^^^^^^^^^^^^^^^^^
[2025-11-05T08:50:10.372+0000] {subprocess.py:93} INFO -   File "/home/airflow/.local/lib/python3.12/site-packages/pandas/io/parsers/readers.py", line 948, in read_csv
[2025-11-05T08:50:10.372+0000] {subprocess.py:93} INFO -     return _read(filepath_or_buffer, kwds)
[2025-11-05T08:50:10.372+0000] {subprocess.py:93} INFO -            ^^^^^^^^^^^^^^^^^^^^^^^^^^^^^^^
[2025-11-05T08:50:10.372+0000] {subprocess.py:93} INFO -   File "/home/airflow/.local/lib/python3.12/site-packages/pandas/io/parsers/readers.py", line 611, in _read
[2025-11-05T08:50:10.372+0000] {subprocess.py:93} INFO -     parser = TextFileReader(filepath_or_buffer, **kwds)
[2025-11-05T08:50:10.373+0000] {subprocess.py:93} INFO -              ^^^^^^^^^^^^^^^^^^^^^^^^^^^^^^^^^^^^^^^^^^
[2025-11-05T08:50:10.373+0000] {subprocess.py:93} INFO -   File "/home/airflow/.local/lib/python3.12/site-packages/pandas/io/parsers/readers.py", line 1448, in __init__
[2025-11-05T08:50:10.374+0000] {subprocess.py:93} INFO -     self._engine = self._make_engine(f, self.engine)
[2025-11-05T08:50:10.374+0000] {subprocess.py:93} INFO -                    ^^^^^^^^^^^^^^^^^^^^^^^^^^^^^^^^^
[2025-11-05T08:50:10.375+0000] {subprocess.py:93} INFO -   File "/home/airflow/.local/lib/python3.12/site-packages/pandas/io/parsers/readers.py", line 1705, in _make_engine
[2025-11-05T08:50:10.375+0000] {subprocess.py:93} INFO -     self.handles = get_handle(
[2025-11-05T08:50:10.375+0000] {subprocess.py:93} INFO -                    ^^^^^^^^^^^
[2025-11-05T08:50:10.376+0000] {subprocess.py:93} INFO -   File "/home/airflow/.local/lib/python3.12/site-packages/pandas/io/common.py", line 863, in get_handle
[2025-11-05T08:50:10.376+0000] {subprocess.py:93} INFO -     handle = open(
[2025-11-05T08:50:10.377+0000] {subprocess.py:93} INFO -              ^^^^^
[2025-11-05T08:50:10.377+0000] {subprocess.py:93} INFO - FileNotFoundError: [Errno 2] No such file or directory: 'C:\\Users\\HP\\Desktop\\MLE\\mleproject\\datamart\\bronze\\feature_store/demographic_df_noisy.csv'
[2025-11-05T08:50:10.414+0000] {subprocess.py:97} INFO - Command exited with return code 1
[2025-11-05T08:50:10.428+0000] {taskinstance.py:3310} ERROR - Task failed with exception
Traceback (most recent call last):
  File "/home/airflow/.local/lib/python3.12/site-packages/airflow/models/taskinstance.py", line 767, in _execute_task
    result = _execute_callable(context=context, **execute_callable_kwargs)
             ^^^^^^^^^^^^^^^^^^^^^^^^^^^^^^^^^^^^^^^^^^^^^^^^^^^^^^^^^^^^^
  File "/home/airflow/.local/lib/python3.12/site-packages/airflow/models/taskinstance.py", line 733, in _execute_callable
    return ExecutionCallableRunner(
           ^^^^^^^^^^^^^^^^^^^^^^^^
  File "/home/airflow/.local/lib/python3.12/site-packages/airflow/utils/operator_helpers.py", line 252, in run
    return self.func(*args, **kwargs)
           ^^^^^^^^^^^^^^^^^^^^^^^^^^
  File "/home/airflow/.local/lib/python3.12/site-packages/airflow/models/baseoperator.py", line 406, in wrapper
    return func(self, *args, **kwargs)
           ^^^^^^^^^^^^^^^^^^^^^^^^^^^
  File "/home/airflow/.local/lib/python3.12/site-packages/airflow/operators/bash.py", line 249, in execute
    raise AirflowException(
airflow.exceptions.AirflowException: Bash command failed. The command returned a non-zero exit code 1.
[2025-11-05T08:50:10.432+0000] {taskinstance.py:1225} INFO - Marking task as FAILED. dag_id=e2e_pipeline, task_id=silver_process, run_id=manual__2025-11-05T08:08:55.279656+00:00, execution_date=20251105T080855, start_date=20251105T085007, end_date=20251105T085010
[2025-11-05T08:50:10.460+0000] {taskinstance.py:340} INFO - ::group::Post task execution logs
[2025-11-05T08:50:10.460+0000] {standard_task_runner.py:124} ERROR - Failed to execute job 19 for task silver_process (Bash command failed. The command returned a non-zero exit code 1.; 86)
Traceback (most recent call last):
  File "/home/airflow/.local/lib/python3.12/site-packages/airflow/task/task_runner/standard_task_runner.py", line 117, in _start_by_fork
    ret = args.func(args, dag=self.dag)
          ^^^^^^^^^^^^^^^^^^^^^^^^^^^^^
  File "/home/airflow/.local/lib/python3.12/site-packages/airflow/cli/cli_config.py", line 49, in command
    return func(*args, **kwargs)
           ^^^^^^^^^^^^^^^^^^^^^
  File "/home/airflow/.local/lib/python3.12/site-packages/airflow/utils/cli.py", line 115, in wrapper
    return f(*args, **kwargs)
           ^^^^^^^^^^^^^^^^^^
  File "/home/airflow/.local/lib/python3.12/site-packages/airflow/cli/commands/task_command.py", line 483, in task_run
    task_return_code = _run_task_by_selected_method(args, _dag, ti)
                       ^^^^^^^^^^^^^^^^^^^^^^^^^^^^^^^^^^^^^^^^^^^^
  File "/home/airflow/.local/lib/python3.12/site-packages/airflow/cli/commands/task_command.py", line 256, in _run_task_by_selected_method
    return _run_raw_task(args, ti)
           ^^^^^^^^^^^^^^^^^^^^^^^
  File "/home/airflow/.local/lib/python3.12/site-packages/airflow/cli/commands/task_command.py", line 341, in _run_raw_task
    return ti._run_raw_task(
           ^^^^^^^^^^^^^^^^^
  File "/home/airflow/.local/lib/python3.12/site-packages/airflow/utils/session.py", line 97, in wrapper
    return func(*args, session=session, **kwargs)
           ^^^^^^^^^^^^^^^^^^^^^^^^^^^^^^^^^^^^^^
  File "/home/airflow/.local/lib/python3.12/site-packages/airflow/models/taskinstance.py", line 3004, in _run_raw_task
    return _run_raw_task(
           ^^^^^^^^^^^^^^
  File "/home/airflow/.local/lib/python3.12/site-packages/airflow/models/taskinstance.py", line 273, in _run_raw_task
    TaskInstance._execute_task_with_callbacks(
  File "/home/airflow/.local/lib/python3.12/site-packages/airflow/models/taskinstance.py", line 3158, in _execute_task_with_callbacks
    result = self._execute_task(context, task_orig)
             ^^^^^^^^^^^^^^^^^^^^^^^^^^^^^^^^^^^^^^
  File "/home/airflow/.local/lib/python3.12/site-packages/airflow/models/taskinstance.py", line 3182, in _execute_task
    return _execute_task(self, context, task_orig)
           ^^^^^^^^^^^^^^^^^^^^^^^^^^^^^^^^^^^^^^^
  File "/home/airflow/.local/lib/python3.12/site-packages/airflow/models/taskinstance.py", line 767, in _execute_task
    result = _execute_callable(context=context, **execute_callable_kwargs)
             ^^^^^^^^^^^^^^^^^^^^^^^^^^^^^^^^^^^^^^^^^^^^^^^^^^^^^^^^^^^^^
  File "/home/airflow/.local/lib/python3.12/site-packages/airflow/models/taskinstance.py", line 733, in _execute_callable
    return ExecutionCallableRunner(
           ^^^^^^^^^^^^^^^^^^^^^^^^
  File "/home/airflow/.local/lib/python3.12/site-packages/airflow/utils/operator_helpers.py", line 252, in run
    return self.func(*args, **kwargs)
           ^^^^^^^^^^^^^^^^^^^^^^^^^^
  File "/home/airflow/.local/lib/python3.12/site-packages/airflow/models/baseoperator.py", line 406, in wrapper
    return func(self, *args, **kwargs)
           ^^^^^^^^^^^^^^^^^^^^^^^^^^^
  File "/home/airflow/.local/lib/python3.12/site-packages/airflow/operators/bash.py", line 249, in execute
    raise AirflowException(
airflow.exceptions.AirflowException: Bash command failed. The command returned a non-zero exit code 1.
[2025-11-05T08:50:10.495+0000] {local_task_job_runner.py:266} INFO - Task exited with return code 1
[2025-11-05T08:50:10.517+0000] {taskinstance.py:3900} INFO - 0 downstream tasks scheduled from follow-on schedule check
[2025-11-05T08:50:10.536+0000] {local_task_job_runner.py:245} INFO - ::endgroup::
