[2025-11-05T09:53:11.461+0000] {local_task_job_runner.py:123} INFO - ::group::Pre task execution logs
[2025-11-05T09:53:11.475+0000] {taskinstance.py:2612} INFO - Dependencies all met for dep_context=non-requeueable deps ti=<TaskInstance: e2e_pipeline.logreg_train manual__2025-11-05T09:52:46.906461+00:00 [queued]>
[2025-11-05T09:53:11.487+0000] {taskinstance.py:2612} INFO - Dependencies all met for dep_context=requeueable deps ti=<TaskInstance: e2e_pipeline.logreg_train manual__2025-11-05T09:52:46.906461+00:00 [queued]>
[2025-11-05T09:53:11.489+0000] {taskinstance.py:2865} INFO - Starting attempt 1 of 1
[2025-11-05T09:53:11.520+0000] {taskinstance.py:2888} INFO - Executing <Task(BashOperator): logreg_train> on 2025-11-05 09:52:46.906461+00:00
[2025-11-05T09:53:11.525+0000] {standard_task_runner.py:72} INFO - Started process 741 to run task
[2025-11-05T09:53:11.530+0000] {standard_task_runner.py:104} INFO - Running: ['airflow', 'tasks', 'run', 'e2e_pipeline', 'logreg_train', 'manual__2025-11-05T09:52:46.906461+00:00', '--job-id', '44', '--raw', '--subdir', 'DAGS_FOLDER/e2e_pipeline_dag.py', '--cfg-path', '/tmp/tmpi2es0lad']
[2025-11-05T09:53:11.534+0000] {standard_task_runner.py:105} INFO - Job 44: Subtask logreg_train
[2025-11-05T09:53:11.613+0000] {task_command.py:467} INFO - Running <TaskInstance: e2e_pipeline.logreg_train manual__2025-11-05T09:52:46.906461+00:00 [running]> on host 733ebcbf0503
[2025-11-05T09:53:11.714+0000] {taskinstance.py:3131} INFO - Exporting env vars: AIRFLOW_CTX_DAG_OWNER='airflow' AIRFLOW_CTX_DAG_ID='e2e_pipeline' AIRFLOW_CTX_TASK_ID='logreg_train' AIRFLOW_CTX_EXECUTION_DATE='2025-11-05T09:52:46.906461+00:00' AIRFLOW_CTX_TRY_NUMBER='1' AIRFLOW_CTX_DAG_RUN_ID='manual__2025-11-05T09:52:46.906461+00:00'
[2025-11-05T09:53:11.715+0000] {taskinstance.py:731} INFO - ::endgroup::
[2025-11-05T09:53:11.728+0000] {subprocess.py:63} INFO - Tmp dir root location: /tmp
[2025-11-05T09:53:11.730+0000] {subprocess.py:75} INFO - Running command: ['/usr/bin/bash', '-c', 'python /opt/airflow/scripts/logreg_train.py']
[2025-11-05T09:53:11.737+0000] {subprocess.py:86} INFO - Output:
[2025-11-05T09:53:12.895+0000] {subprocess.py:93} INFO - Traceback (most recent call last):
[2025-11-05T09:53:12.897+0000] {subprocess.py:93} INFO -   File "/usr/local/lib/python3.10/pathlib.py", line 1175, in mkdir
[2025-11-05T09:53:12.899+0000] {subprocess.py:93} INFO -     self._accessor.mkdir(self, mode)
[2025-11-05T09:53:12.901+0000] {subprocess.py:93} INFO - FileNotFoundError: [Errno 2] No such file or directory: '/opt/airflow/model_bank/logreg'
[2025-11-05T09:53:12.903+0000] {subprocess.py:93} INFO - 
[2025-11-05T09:53:12.904+0000] {subprocess.py:93} INFO - During handling of the above exception, another exception occurred:
[2025-11-05T09:53:12.906+0000] {subprocess.py:93} INFO - 
[2025-11-05T09:53:12.906+0000] {subprocess.py:93} INFO - Traceback (most recent call last):
[2025-11-05T09:53:12.907+0000] {subprocess.py:93} INFO -   File "/opt/airflow/scripts/logreg_train.py", line 37, in <module>
[2025-11-05T09:53:12.907+0000] {subprocess.py:93} INFO -     OUT_DIR.mkdir(parents=True, exist_ok=True)
[2025-11-05T09:53:12.908+0000] {subprocess.py:93} INFO -   File "/usr/local/lib/python3.10/pathlib.py", line 1179, in mkdir
[2025-11-05T09:53:12.908+0000] {subprocess.py:93} INFO -     self.parent.mkdir(parents=True, exist_ok=True)
[2025-11-05T09:53:12.909+0000] {subprocess.py:93} INFO -   File "/usr/local/lib/python3.10/pathlib.py", line 1175, in mkdir
[2025-11-05T09:53:12.909+0000] {subprocess.py:93} INFO -     self._accessor.mkdir(self, mode)
[2025-11-05T09:53:12.909+0000] {subprocess.py:93} INFO - FileExistsError: [Errno 17] File exists: '/opt/airflow/model_bank'
[2025-11-05T09:53:12.989+0000] {subprocess.py:97} INFO - Command exited with return code 1
[2025-11-05T09:53:13.005+0000] {taskinstance.py:3310} ERROR - Task failed with exception
Traceback (most recent call last):
  File "/home/airflow/.local/lib/python3.10/site-packages/airflow/models/taskinstance.py", line 767, in _execute_task
    result = _execute_callable(context=context, **execute_callable_kwargs)
  File "/home/airflow/.local/lib/python3.10/site-packages/airflow/models/taskinstance.py", line 733, in _execute_callable
    return ExecutionCallableRunner(
  File "/home/airflow/.local/lib/python3.10/site-packages/airflow/utils/operator_helpers.py", line 252, in run
    return self.func(*args, **kwargs)
  File "/home/airflow/.local/lib/python3.10/site-packages/airflow/models/baseoperator.py", line 406, in wrapper
    return func(self, *args, **kwargs)
  File "/home/airflow/.local/lib/python3.10/site-packages/airflow/operators/bash.py", line 249, in execute
    raise AirflowException(
airflow.exceptions.AirflowException: Bash command failed. The command returned a non-zero exit code 1.
[2025-11-05T09:53:13.008+0000] {taskinstance.py:1225} INFO - Marking task as FAILED. dag_id=e2e_pipeline, task_id=logreg_train, run_id=manual__2025-11-05T09:52:46.906461+00:00, execution_date=20251105T095246, start_date=20251105T095311, end_date=20251105T095313
[2025-11-05T09:53:13.036+0000] {taskinstance.py:340} INFO - ::group::Post task execution logs
[2025-11-05T09:53:13.037+0000] {standard_task_runner.py:124} ERROR - Failed to execute job 44 for task logreg_train (Bash command failed. The command returned a non-zero exit code 1.; 741)
Traceback (most recent call last):
  File "/home/airflow/.local/lib/python3.10/site-packages/airflow/task/task_runner/standard_task_runner.py", line 117, in _start_by_fork
    ret = args.func(args, dag=self.dag)
  File "/home/airflow/.local/lib/python3.10/site-packages/airflow/cli/cli_config.py", line 49, in command
    return func(*args, **kwargs)
  File "/home/airflow/.local/lib/python3.10/site-packages/airflow/utils/cli.py", line 115, in wrapper
    return f(*args, **kwargs)
  File "/home/airflow/.local/lib/python3.10/site-packages/airflow/cli/commands/task_command.py", line 483, in task_run
    task_return_code = _run_task_by_selected_method(args, _dag, ti)
  File "/home/airflow/.local/lib/python3.10/site-packages/airflow/cli/commands/task_command.py", line 256, in _run_task_by_selected_method
    return _run_raw_task(args, ti)
  File "/home/airflow/.local/lib/python3.10/site-packages/airflow/cli/commands/task_command.py", line 341, in _run_raw_task
    return ti._run_raw_task(
  File "/home/airflow/.local/lib/python3.10/site-packages/airflow/utils/session.py", line 97, in wrapper
    return func(*args, session=session, **kwargs)
  File "/home/airflow/.local/lib/python3.10/site-packages/airflow/models/taskinstance.py", line 3004, in _run_raw_task
    return _run_raw_task(
  File "/home/airflow/.local/lib/python3.10/site-packages/airflow/models/taskinstance.py", line 273, in _run_raw_task
    TaskInstance._execute_task_with_callbacks(
  File "/home/airflow/.local/lib/python3.10/site-packages/airflow/models/taskinstance.py", line 3158, in _execute_task_with_callbacks
    result = self._execute_task(context, task_orig)
  File "/home/airflow/.local/lib/python3.10/site-packages/airflow/models/taskinstance.py", line 3182, in _execute_task
    return _execute_task(self, context, task_orig)
  File "/home/airflow/.local/lib/python3.10/site-packages/airflow/models/taskinstance.py", line 767, in _execute_task
    result = _execute_callable(context=context, **execute_callable_kwargs)
  File "/home/airflow/.local/lib/python3.10/site-packages/airflow/models/taskinstance.py", line 733, in _execute_callable
    return ExecutionCallableRunner(
  File "/home/airflow/.local/lib/python3.10/site-packages/airflow/utils/operator_helpers.py", line 252, in run
    return self.func(*args, **kwargs)
  File "/home/airflow/.local/lib/python3.10/site-packages/airflow/models/baseoperator.py", line 406, in wrapper
    return func(self, *args, **kwargs)
  File "/home/airflow/.local/lib/python3.10/site-packages/airflow/operators/bash.py", line 249, in execute
    raise AirflowException(
airflow.exceptions.AirflowException: Bash command failed. The command returned a non-zero exit code 1.
[2025-11-05T09:53:13.073+0000] {local_task_job_runner.py:266} INFO - Task exited with return code 1
[2025-11-05T09:53:13.096+0000] {taskinstance.py:3900} INFO - 0 downstream tasks scheduled from follow-on schedule check
[2025-11-05T09:53:13.116+0000] {local_task_job_runner.py:245} INFO - ::endgroup::
